============================================================
  Generated by:           Encounter(R) RTL Compiler RC14.28 - v14.20-s067_1
  Generated on:           Dec 14 2017  01:40:03 pm
  Module:                 lrm
  Technology library:     tcbn65gpluswc 121
  Operating conditions:   WCCOM (balanced_tree)
  Wireload mode:          segmented
  Area mode:              timing library
============================================================

           Instance             Cells  Cell Area  Net Area  Total Area    Wireload      
----------------------------------------------------------------------------------------
lrm                             12682      44667         0       44667 ZeroWireload (S) 
  csa_tree_sub_171_15_groupi     1745       7153         0        7153 ZeroWireload (S) 
  csa_tree_sub_175_16_groupi     1750       7151         0        7151 ZeroWireload (S) 
  csa_tree_sub_172_16_groupi     1318       5946         0        5946 ZeroWireload (S) 
  div_173_8                      2181       5514         0        5514 ZeroWireload (S) 
  div_177_9                      2132       5512         0        5512 ZeroWireload (S) 
  mul_176_11                      946       3559         0        3559 ZeroWireload (S) 
  csa_tree_R1_sub_12_18_groupi    525       2083         0        2083 ZeroWireload (S) 
  csa_tree_R2_sub_12_18_groupi    525       2081         0        2081 ZeroWireload (S) 
  M1_mul_26_10                    158        573         0         573 ZeroWireload (S) 
  mul_210_10                       80        258         0         258 ZeroWireload (S) 
  add_74_13                        68        233         0         233 ZeroWireload (S) 
  add_66_11                        68        233         0         233 ZeroWireload (S) 
  add_68_9                         63        199         0         199 ZeroWireload (S) 
  add_67_9                         63        199         0         199 ZeroWireload (S) 
  inc_add_218_33_2                 60        155         0         155 ZeroWireload (S) 
  RC_CG_HIER_INST3                  1          6         0           6 ZeroWireload (S) 
  RC_CG_HIER_INST2                  1          6         0           6 ZeroWireload (S) 
  RC_CG_HIER_INST1                  1          6         0           6 ZeroWireload (S) 
  RC_CG_HIER_INST0                  1          6         0           6 ZeroWireload (S) 

 (S) = wireload was automatically selected
