============================================================
  Generated by:           Encounter(R) RTL Compiler RC14.28 - v14.20-s067_1
  Generated on:           Dec 14 2017  01:40:04 pm
  Module:                 lrm
  Technology library:     tcbn65gpluswc 121
  Operating conditions:   WCCOM (balanced_tree)
  Wireload mode:          segmented
  Area mode:              timing library
============================================================

                                
   Gate    Instances    Area         Library     
-------------------------------------------------
AN2D0              7     15.120    tcbn65gpluswc 
AN2D1              4      8.640    tcbn65gpluswc 
AN2XD1           168    362.880    tcbn65gpluswc 
AN4D1              1      2.880    tcbn65gpluswc 
AN4XD1             2      5.760    tcbn65gpluswc 
AO211D0            5     14.400    tcbn65gpluswc 
AO21D0            21     52.920    tcbn65gpluswc 
AO21D1             1      2.520    tcbn65gpluswc 
AO221D0            3     10.800    tcbn65gpluswc 
AO222D0            2      8.640    tcbn65gpluswc 
AO222D1            1      4.320    tcbn65gpluswc 
AO22D0           168    483.840    tcbn65gpluswc 
AO33D0             2      7.920    tcbn65gpluswc 
AOI211D0           7     17.640    tcbn65gpluswc 
AOI211D1           5     12.600    tcbn65gpluswc 
AOI211XD0         15     37.800    tcbn65gpluswc 
AOI21D0           67    144.720    tcbn65gpluswc 
AOI21D1            1      2.160    tcbn65gpluswc 
AOI221D0         707   2036.160    tcbn65gpluswc 
AOI222D0           9     32.400    tcbn65gpluswc 
AOI22D0          461   1161.720    tcbn65gpluswc 
AOI22D1            7     17.640    tcbn65gpluswc 
AOI31D0            3      7.560    tcbn65gpluswc 
AOI32D0            8     23.040    tcbn65gpluswc 
AOI33D0           30     97.200    tcbn65gpluswc 
AOI33D1            4     12.960    tcbn65gpluswc 
BUFFD2             3      6.480    tcbn65gpluswc 
CKAN2D1           48    103.680    tcbn65gpluswc 
CKLNQD1            4     25.920    tcbn65gpluswc 
CKND0             12     12.960    tcbn65gpluswc 
CKND1            207    223.560    tcbn65gpluswc 
CKND2D1           30     43.200    tcbn65gpluswc 
CKXOR2D1          32    115.200    tcbn65gpluswc 
CMPE42D1         659  10913.039    tcbn65gpluswc 
DFD1              32    230.400    tcbn65gpluswc 
DFKCNQD1          17    122.400    tcbn65gpluswc 
DFQD1            188   1285.920    tcbn65gpluswc 
DFQD2              4     28.800    tcbn65gpluswc 
FA1D0            576   5184.000    tcbn65gpluswc 
FCICIND1           8     37.440    tcbn65gpluswc 
HA1D0            142    817.920    tcbn65gpluswc 
IAO21D0           21     52.920    tcbn65gpluswc 
IND2D0            41     88.560    tcbn65gpluswc 
IND2D1           109    235.440    tcbn65gpluswc 
IND3D0           237    597.240    tcbn65gpluswc 
IND3D1            11     27.720    tcbn65gpluswc 
IND4D0             1      2.880    tcbn65gpluswc 
IND4D1             2      5.760    tcbn65gpluswc 
INR2D0           144    311.040    tcbn65gpluswc 
INR2D1             5     10.800    tcbn65gpluswc 
INR2XD0           21     45.360    tcbn65gpluswc 
INR3D0           103    259.560    tcbn65gpluswc 
INVD1            919    992.520    tcbn65gpluswc 
INVD3              1      2.160    tcbn65gpluswc 
IOA21D0           12     30.240    tcbn65gpluswc 
IOA21D1            3      7.560    tcbn65gpluswc 
LHQD1             96    483.840    tcbn65gpluswc 
LNQD1             59    297.360    tcbn65gpluswc 
LNQD2              5     27.000    tcbn65gpluswc 
MAOI222D0        334    961.920    tcbn65gpluswc 
MAOI222D1          4     11.520    tcbn65gpluswc 
MAOI22D0         539   1552.320    tcbn65gpluswc 
MAOI22D1           7     20.160    tcbn65gpluswc 
MOAI22D0        1153   3320.640    tcbn65gpluswc 
MOAI22D1         120    345.600    tcbn65gpluswc 
MUX2ND0          672   1935.360    tcbn65gpluswc 
MUX3ND0           28    151.200    tcbn65gpluswc 
ND2D0           1072   1543.680    tcbn65gpluswc 
ND2D1             44     63.360    tcbn65gpluswc 
ND3D0             19     41.040    tcbn65gpluswc 
ND4D1             12     30.240    tcbn65gpluswc 
NR2D0            828   1192.320    tcbn65gpluswc 
NR2D1             15     21.600    tcbn65gpluswc 
NR2XD0            40     57.600    tcbn65gpluswc 
NR3D0             61    131.760    tcbn65gpluswc 
NR4D0              4     10.080    tcbn65gpluswc 
OA211D0            4     11.520    tcbn65gpluswc 
OA21D0            83    209.160    tcbn65gpluswc 
OA21D1             2      5.040    tcbn65gpluswc 
OA221D0            1      3.600    tcbn65gpluswc 
OA22D0            38    109.440    tcbn65gpluswc 
OA31D0             2      5.760    tcbn65gpluswc 
OAI211D0           7     17.640    tcbn65gpluswc 
OAI211D1           6     15.120    tcbn65gpluswc 
OAI21D0          389    840.240    tcbn65gpluswc 
OAI21D1            3      6.480    tcbn65gpluswc 
OAI221D0         388   1117.440    tcbn65gpluswc 
OAI221D1           8     25.920    tcbn65gpluswc 
OAI222D0          66    213.840    tcbn65gpluswc 
OAI22D0          955   2406.600    tcbn65gpluswc 
OAI31D0            7     17.640    tcbn65gpluswc 
OAI32D0           21     60.480    tcbn65gpluswc 
OAI33D0           22     71.280    tcbn65gpluswc 
OAI33D1           45    145.800    tcbn65gpluswc 
OR2D0             48    103.680    tcbn65gpluswc 
OR2D1              5     10.800    tcbn65gpluswc 
OR4D0              4     11.520    tcbn65gpluswc 
OR4D1             10     28.800    tcbn65gpluswc 
XNR2D0            10     36.000    tcbn65gpluswc 
XNR2D1            65    234.000    tcbn65gpluswc 
XNR3D0             1      6.120    tcbn65gpluswc 
XNR3D1             1      6.120    tcbn65gpluswc 
XNR4D1             4     36.000    tcbn65gpluswc 
XOR2D0             3     10.800    tcbn65gpluswc 
XOR2D1            56    201.600    tcbn65gpluswc 
XOR3D0             8     48.960    tcbn65gpluswc 
XOR3D1             6     36.720    tcbn65gpluswc 
XOR4D1             1      9.000    tcbn65gpluswc 
-------------------------------------------------
total          12682  44666.639                  


                                                        
            Type             Instances    Area   Area % 
--------------------------------------------------------
sequential                         401  2475.720    5.5 
inverter                          1139  1231.200    2.8 
buffer                               3     6.480    0.0 
clock_gating_integrated_cell         4    25.920    0.1 
logic                            11135 40927.319   91.6 
--------------------------------------------------------
total                            12682 44666.639  100.0 

