============================================================
  Generated by:           Encounter(R) RTL Compiler RC14.28 - v14.20-s067_1
  Generated on:           Dec 14 2017  01:40:04 pm
  Module:                 lrm
  Technology library:     tcbn65gpluswc 121
  Operating conditions:   WCCOM (balanced_tree)
  Wireload mode:          segmented
  Area mode:              timing library
============================================================

                                    Leakage    Dynamic      Total    
          Instance          Cells  Power(nW)  Power(nW)   Power(nW)  
---------------------------------------------------------------------
lrm                         12682 358487.184 6220380.593 6578867.777 
  csa_tree_s..171_15_groupi  1745  61971.945 2000500.450 2062472.395 
  csa_tree_s..175_16_groupi  1750  60962.290 1126313.712 1187276.002 
  csa_tree_s..172_16_groupi  1318  58869.654 1742034.041 1800903.695 
  div_177_9                  2132  33351.994       0.000   33351.994 
  div_173_8                  2181  32671.297       0.000   32671.297 
  mul_176_11                  946  27711.115  199695.848  227406.963 
  csa_tree_R.._12_18_groupi   525  19234.599    2315.393   21549.992 
  csa_tree_R.._12_18_groupi   525  18442.048    2081.207   20523.255 
  M1_mul_26_10                158   5505.677   48817.268   54322.944 
  mul_210_10                   80   2711.065   24926.944   27638.008 
  add_66_11                    68   2267.492   45490.666   47758.158 
  add_74_13                    68   2266.987   44477.351   46744.338 
  add_68_9                     63   1835.765   23000.709   24836.474 
  add_67_9                     63   1832.346   25154.619   26986.965 
  inc_add_218_33_2             60   1323.874    6455.703    7779.577 
  RC_CG_HIER_INST0              1     40.568   15220.606   15261.173 
  RC_CG_HIER_INST2              1     40.424    6026.100    6066.524 
  RC_CG_HIER_INST1              1     40.390    7771.379    7811.768 
  RC_CG_HIER_INST3              1     40.370    5427.363    5467.734 
  Count1_out..]_state_point     0      0.000       0.000       0.000 
  Count1_out..]_state_point     0      0.000       0.000       0.000 
  EXY_reg[0]_state_point        0      0.000       0.000       0.000 
  EXY_reg[10]_state_point       0      0.000       0.000       0.000 
  EXY_reg[11]_state_point       0      0.000       0.000       0.000 
  EXY_reg[12]_state_point       0      0.000       0.000       0.000 
  EXY_reg[13]_state_point       0      0.000       0.000       0.000 
  EXY_reg[14]_state_point       0      0.000       0.000       0.000 
  EXY_reg[15]_state_point       0      0.000       0.000       0.000 
  EXY_reg[16]_state_point       0      0.000       0.000       0.000 
  EXY_reg[17]_state_point       0      0.000       0.000       0.000 
  EXY_reg[18]_state_point       0      0.000       0.000       0.000 
  EXY_reg[19]_state_point       0      0.000       0.000       0.000 
  EXY_reg[1]_state_point        0      0.000       0.000       0.000 
  EXY_reg[20]_state_point       0      0.000       0.000       0.000 
  EXY_reg[21]_state_point       0      0.000       0.000       0.000 
  EXY_reg[22]_state_point       0      0.000       0.000       0.000 
  EXY_reg[23]_state_point       0      0.000       0.000       0.000 
  EXY_reg[24]_state_point       0      0.000       0.000       0.000 
  EXY_reg[25]_state_point       0      0.000       0.000       0.000 
  EXY_reg[26]_state_point       0      0.000       0.000       0.000 
  EXY_reg[27]_state_point       0      0.000       0.000       0.000 
  EXY_reg[28]_state_point       0      0.000       0.000       0.000 
  EXY_reg[29]_state_point       0      0.000       0.000       0.000 
  EXY_reg[2]_state_point        0      0.000       0.000       0.000 
  EXY_reg[30]_state_point       0      0.000       0.000       0.000 
  EXY_reg[31]_state_point       0      0.000       0.000       0.000 
  EXY_reg[3]_state_point        0      0.000       0.000       0.000 
  EXY_reg[4]_state_point        0      0.000       0.000       0.000 
  EXY_reg[5]_state_point        0      0.000       0.000       0.000 
  EXY_reg[6]_state_point        0      0.000       0.000       0.000 
  EXY_reg[7]_state_point        0      0.000       0.000       0.000 
  EXY_reg[8]_state_point        0      0.000       0.000       0.000 
  EXY_reg[9]_state_point        0      0.000       0.000       0.000 
  EX_reg[0]_state_point         0      0.000       0.000       0.000 
  EX_reg[10]_state_point        0      0.000       0.000       0.000 
  EX_reg[11]_state_point        0      0.000       0.000       0.000 
  EX_reg[12]_state_point        0      0.000       0.000       0.000 
  EX_reg[13]_state_point        0      0.000       0.000       0.000 
  EX_reg[14]_state_point        0      0.000       0.000       0.000 
  EX_reg[15]_state_point        0      0.000       0.000       0.000 
  EX_reg[16]_state_point        0      0.000       0.000       0.000 
  EX_reg[17]_state_point        0      0.000       0.000       0.000 
  EX_reg[18]_state_point        0      0.000       0.000       0.000 
  EX_reg[19]_state_point        0      0.000       0.000       0.000 
  EX_reg[1]_state_point         0      0.000       0.000       0.000 
  EX_reg[20]_state_point        0      0.000       0.000       0.000 
  EX_reg[21]_state_point        0      0.000       0.000       0.000 
  EX_reg[22]_state_point        0      0.000       0.000       0.000 
  EX_reg[23]_state_point        0      0.000       0.000       0.000 
  EX_reg[24]_state_point        0      0.000       0.000       0.000 
  EX_reg[25]_state_point        0      0.000       0.000       0.000 
  EX_reg[26]_state_point        0      0.000       0.000       0.000 
  EX_reg[27]_state_point        0      0.000       0.000       0.000 
  EX_reg[28]_state_point        0      0.000       0.000       0.000 
  EX_reg[29]_state_point        0      0.000       0.000       0.000 
  EX_reg[2]_state_point         0      0.000       0.000       0.000 
  EX_reg[30]_state_point        0      0.000       0.000       0.000 
  EX_reg[31]_state_point        0      0.000       0.000       0.000 
  EX_reg[3]_state_point         0      0.000       0.000       0.000 
  EX_reg[4]_state_point         0      0.000       0.000       0.000 
  EX_reg[5]_state_point         0      0.000       0.000       0.000 
  EX_reg[6]_state_point         0      0.000       0.000       0.000 
  EX_reg[7]_state_point         0      0.000       0.000       0.000 
  EX_reg[8]_state_point         0      0.000       0.000       0.000 
  EX_reg[9]_state_point         0      0.000       0.000       0.000 
  EXsq_reg[0]_state_point       0      0.000       0.000       0.000 
  EXsq_reg[10]_state_point      0      0.000       0.000       0.000 
  EXsq_reg[11]_state_point      0      0.000       0.000       0.000 
  EXsq_reg[12]_state_point      0      0.000       0.000       0.000 
  EXsq_reg[13]_state_point      0      0.000       0.000       0.000 
  EXsq_reg[14]_state_point      0      0.000       0.000       0.000 
  EXsq_reg[15]_state_point      0      0.000       0.000       0.000 
  EXsq_reg[16]_state_point      0      0.000       0.000       0.000 
  EXsq_reg[17]_state_point      0      0.000       0.000       0.000 
  EXsq_reg[18]_state_point      0      0.000       0.000       0.000 
  EXsq_reg[19]_state_point      0      0.000       0.000       0.000 
  EXsq_reg[1]_state_point       0      0.000       0.000       0.000 
  EXsq_reg[20]_state_point      0      0.000       0.000       0.000 
  EXsq_reg[21]_state_point      0      0.000       0.000       0.000 
  EXsq_reg[22]_state_point      0      0.000       0.000       0.000 
  EXsq_reg[23]_state_point      0      0.000       0.000       0.000 
  EXsq_reg[24]_state_point      0      0.000       0.000       0.000 
  EXsq_reg[25]_state_point      0      0.000       0.000       0.000 
  EXsq_reg[26]_state_point      0      0.000       0.000       0.000 
  EXsq_reg[27]_state_point      0      0.000       0.000       0.000 
  EXsq_reg[28]_state_point      0      0.000       0.000       0.000 
  EXsq_reg[29]_state_point      0      0.000       0.000       0.000 
  EXsq_reg[2]_state_point       0      0.000       0.000       0.000 
  EXsq_reg[30]_state_point      0      0.000       0.000       0.000 
  EXsq_reg[31]_state_point      0      0.000       0.000       0.000 
  EXsq_reg[3]_state_point       0      0.000       0.000       0.000 
  EXsq_reg[4]_state_point       0      0.000       0.000       0.000 
  EXsq_reg[5]_state_point       0      0.000       0.000       0.000 
  EXsq_reg[6]_state_point       0      0.000       0.000       0.000 
  EXsq_reg[7]_state_point       0      0.000       0.000       0.000 
  EXsq_reg[8]_state_point       0      0.000       0.000       0.000 
  EXsq_reg[9]_state_point       0      0.000       0.000       0.000 
  EY_reg[0]_state_point         0      0.000       0.000       0.000 
  EY_reg[10]_state_point        0      0.000       0.000       0.000 
  EY_reg[11]_state_point        0      0.000       0.000       0.000 
  EY_reg[12]_state_point        0      0.000       0.000       0.000 
  EY_reg[13]_state_point        0      0.000       0.000       0.000 
  EY_reg[14]_state_point        0      0.000       0.000       0.000 
  EY_reg[15]_state_point        0      0.000       0.000       0.000 
  EY_reg[16]_state_point        0      0.000       0.000       0.000 
  EY_reg[17]_state_point        0      0.000       0.000       0.000 
  EY_reg[18]_state_point        0      0.000       0.000       0.000 
  EY_reg[19]_state_point        0      0.000       0.000       0.000 
  EY_reg[1]_state_point         0      0.000       0.000       0.000 
  EY_reg[20]_state_point        0      0.000       0.000       0.000 
  EY_reg[21]_state_point        0      0.000       0.000       0.000 
  EY_reg[22]_state_point        0      0.000       0.000       0.000 
  EY_reg[23]_state_point        0      0.000       0.000       0.000 
  EY_reg[24]_state_point        0      0.000       0.000       0.000 
  EY_reg[25]_state_point        0      0.000       0.000       0.000 
  EY_reg[26]_state_point        0      0.000       0.000       0.000 
  EY_reg[27]_state_point        0      0.000       0.000       0.000 
  EY_reg[28]_state_point        0      0.000       0.000       0.000 
  EY_reg[29]_state_point        0      0.000       0.000       0.000 
  EY_reg[2]_state_point         0      0.000       0.000       0.000 
  EY_reg[30]_state_point        0      0.000       0.000       0.000 
  EY_reg[31]_state_point        0      0.000       0.000       0.000 
  EY_reg[3]_state_point         0      0.000       0.000       0.000 
  EY_reg[4]_state_point         0      0.000       0.000       0.000 
  EY_reg[5]_state_point         0      0.000       0.000       0.000 
  EY_reg[6]_state_point         0      0.000       0.000       0.000 
  EY_reg[7]_state_point         0      0.000       0.000       0.000 
  EY_reg[8]_state_point         0      0.000       0.000       0.000 
  EY_reg[9]_state_point         0      0.000       0.000       0.000 
  N1_reg[10]_state_point        0      0.000       0.000       0.000 
  N1_reg[11]_state_point        0      0.000       0.000       0.000 
  N1_reg[12]_state_point        0      0.000       0.000       0.000 
  N1_reg[13]_state_point        0      0.000       0.000       0.000 
  N1_reg[14]_state_point        0      0.000       0.000       0.000 
  N1_reg[15]_state_point        0      0.000       0.000       0.000 
  N1_reg[16]_state_point        0      0.000       0.000       0.000 
  N1_reg[17]_state_point        0      0.000       0.000       0.000 
  N1_reg[18]_state_point        0      0.000       0.000       0.000 
  N1_reg[19]_state_point        0      0.000       0.000       0.000 
  N1_reg[1]_state_point         0      0.000       0.000       0.000 
  N1_reg[20]_state_point        0      0.000       0.000       0.000 
  N1_reg[21]_state_point        0      0.000       0.000       0.000 
  N1_reg[22]_state_point        0      0.000       0.000       0.000 
  N1_reg[23]_state_point        0      0.000       0.000       0.000 
  N1_reg[24]_state_point        0      0.000       0.000       0.000 
  N1_reg[25]_state_point        0      0.000       0.000       0.000 
  N1_reg[26]_state_point        0      0.000       0.000       0.000 
  N1_reg[27]_state_point        0      0.000       0.000       0.000 
  N1_reg[28]_state_point        0      0.000       0.000       0.000 
  N1_reg[29]_state_point        0      0.000       0.000       0.000 
  N1_reg[2]_state_point         0      0.000       0.000       0.000 
  N1_reg[30]_state_point        0      0.000       0.000       0.000 
  N1_reg[31]_state_point        0      0.000       0.000       0.000 
  N1_reg[3]_state_point         0      0.000       0.000       0.000 
  N1_reg[4]_state_point         0      0.000       0.000       0.000 
  N1_reg[5]_state_point         0      0.000       0.000       0.000 
  N1_reg[6]_state_point         0      0.000       0.000       0.000 
  N1_reg[7]_state_point         0      0.000       0.000       0.000 
  N1_reg[8]_state_point         0      0.000       0.000       0.000 
  N1_reg[9]_state_point         0      0.000       0.000       0.000 
  N_reg[0]_state_point          0      0.000       0.000       0.000 
  N_reg[10]_state_point         0      0.000       0.000       0.000 
  N_reg[11]_state_point         0      0.000       0.000       0.000 
  N_reg[12]_state_point         0      0.000       0.000       0.000 
  N_reg[13]_state_point         0      0.000       0.000       0.000 
  N_reg[14]_state_point         0      0.000       0.000       0.000 
  N_reg[15]_state_point         0      0.000       0.000       0.000 
  N_reg[16]_state_point         0      0.000       0.000       0.000 
  N_reg[17]_state_point         0      0.000       0.000       0.000 
  N_reg[18]_state_point         0      0.000       0.000       0.000 
  N_reg[19]_state_point         0      0.000       0.000       0.000 
  N_reg[1]_state_point          0      0.000       0.000       0.000 
  N_reg[20]_state_point         0      0.000       0.000       0.000 
  N_reg[21]_state_point         0      0.000       0.000       0.000 
  N_reg[22]_state_point         0      0.000       0.000       0.000 
  N_reg[23]_state_point         0      0.000       0.000       0.000 
  N_reg[24]_state_point         0      0.000       0.000       0.000 
  N_reg[25]_state_point         0      0.000       0.000       0.000 
  N_reg[26]_state_point         0      0.000       0.000       0.000 
  N_reg[27]_state_point         0      0.000       0.000       0.000 
  N_reg[28]_state_point         0      0.000       0.000       0.000 
  N_reg[29]_state_point         0      0.000       0.000       0.000 
  N_reg[2]_state_point          0      0.000       0.000       0.000 
  N_reg[30]_state_point         0      0.000       0.000       0.000 
  N_reg[31]_state_point         0      0.000       0.000       0.000 
  N_reg[3]_state_point          0      0.000       0.000       0.000 
  N_reg[4]_state_point          0      0.000       0.000       0.000 
  N_reg[5]_state_point          0      0.000       0.000       0.000 
  N_reg[6]_state_point          0      0.000       0.000       0.000 
  N_reg[7]_state_point          0      0.000       0.000       0.000 
  N_reg[8]_state_point          0      0.000       0.000       0.000 
  N_reg[9]_state_point          0      0.000       0.000       0.000 
  READY_reg_state_point         0      0.000       0.000       0.000 
  n1_reg[0]_state_point         0      0.000       0.000       0.000 
  n1_reg[1]_state_point         0      0.000       0.000       0.000 
  n1_reg[2]_state_point         0      0.000       0.000       0.000 
  n1_reg[3]_state_point         0      0.000       0.000       0.000 
  n1_reg[4]_state_point         0      0.000       0.000       0.000 
  n1_reg[5]_state_point         0      0.000       0.000       0.000 
  n1_reg[6]_state_point         0      0.000       0.000       0.000 
  n1_reg[7]_state_point         0      0.000       0.000       0.000 
  n2_reg[0]_state_point         0      0.000       0.000       0.000 
  n2_reg[1]_state_point         0      0.000       0.000       0.000 
  n2_reg[2]_state_point         0      0.000       0.000       0.000 
  n2_reg[3]_state_point         0      0.000       0.000       0.000 
  n2_reg[4]_state_point         0      0.000       0.000       0.000 
  n2_reg[5]_state_point         0      0.000       0.000       0.000 
  n2_reg[6]_state_point         0      0.000       0.000       0.000 
  n2_reg[7]_state_point         0      0.000       0.000       0.000 
  nfirst_reg_state_point        0      0.000       0.000       0.000 
  nzero_reg_state_point         0      0.000       0.000       0.000 

