============================================================
  Generated by:           Encounter(R) RTL Compiler RC14.28 - v14.20-s067_1
  Generated on:           Dec 14 2017  01:40:04 pm
  Module:                 lrm
  Technology library:     tcbn65gpluswc 121
  Operating conditions:   WCCOM (balanced_tree)
  Wireload mode:          segmented
  Area mode:              timing library
============================================================

	Timing
	------

 Slack    Endpoint  Cost Group 
------------------------------------
 +193ps Yp_reg[6]/D CLK        


	Area
	----

Instance  Cells  Cell Area  Net Area  Total Area    Wireload      
------------------------------------------------------------------
lrm       12682      44667         0       44667 ZeroWireload (S) 

 (S) = wireload was automatically selected

	Design Rule Check
	-----------------

Max_transition design rule: no violations.

Max_capacitance design rule: no violations.


