============================================================
  Generated by:           Encounter(R) RTL Compiler RC14.28 - v14.20-s067_1
  Generated on:           Dec 14 2017  01:40:04 pm
  Module:                 lrm
  Technology library:     tcbn65gpluswc 121
  Operating conditions:   WCCOM (balanced_tree)
  Wireload mode:          segmented
  Area mode:              timing library
============================================================

       Pin             Type     Fanout Load Slew Delay Arrival   
                                       (fF) (ps)  (ps)   (ps)    
-----------------------------------------------------------------
(clock CLK)           launch                                 0 R 
retime_s3_14_reg/CP                            0             0 R 
retime_s3_14_reg/Q    DFQD1          2  2.8   35  +112     112 R 
inc_add_218_33_2/A[1] 
  g1176/A1                                          +0     112   
  g1176/ZN            CKND2D1        3  3.4   46   +38     150 F 
  g1174/B1                                          +0     150   
  g1174/ZN            INR2XD0        2  2.9   71   +52     202 R 
  g1171/A1                                          +0     202   
  g1171/ZN            CKND2D1        3  3.4   50   +47     250 F 
  g1169/B1                                          +0     250   
  g1169/ZN            INR2XD0        2  2.9   71   +53     303 R 
  g1166/A1                                          +0     303   
  g1166/ZN            CKND2D1        3  3.3   49   +47     350 F 
  g1195/A1                                          +0     350   
  g1195/ZN            IND2D1         3  3.4   49   +76     426 F 
  g1161/B1                                          +0     426   
  g1161/ZN            INR2XD0        1  3.1   74   +55     481 R 
  g1159/B                                           +0     481   
  g1159/CO            HA1D0          2  2.9   65   +94     574 R 
  g1157/A1                                          +0     574   
  g1157/ZN            CKND2D1        3  3.3   48   +45     620 F 
  g1194/A1                                          +0     620   
  g1194/ZN            IND2D1         3  3.3   48   +75     695 F 
  g1193/A1                                          +0     695   
  g1193/ZN            IND2D1         3  3.3   48   +75     770 F 
  g1192/A1                                          +0     770   
  g1192/ZN            IND2D1         3  3.3   48   +75     845 F 
  g1191/A1                                          +0     845   
  g1191/ZN            IND2D1         3  3.3   48   +75     920 F 
  g1190/A1                                          +0     920   
  g1190/ZN            IND2D1         3  3.3   48   +75     995 F 
  g1189/A1                                          +0     995   
  g1189/ZN            IND2D1         3  3.3   48   +75    1071 F 
  g1188/A1                                          +0    1071   
  g1188/ZN            IND2D1         3  3.3   48   +75    1146 F 
  g1187/A1                                          +0    1146   
  g1187/ZN            IND2D1         3  3.3   48   +75    1221 F 
  g1186/A1                                          +0    1221   
  g1186/ZN            IND2D1         3  3.3   48   +75    1296 F 
  g1185/A1                                          +0    1296   
  g1185/ZN            IND2D1         3  3.3   48   +75    1371 F 
  g1184/A1                                          +0    1371   
  g1184/ZN            IND2D1         3  3.3   48   +75    1447 F 
  g1183/A1                                          +0    1447   
  g1183/ZN            IND2D1         3  3.3   48   +75    1522 F 
  g1182/A1                                          +0    1522   
  g1182/ZN            IND2D1         3  3.3   48   +75    1597 F 
  g1181/A1                                          +0    1597   
  g1181/ZN            IND2D1         3  3.3   48   +75    1672 F 
  g1180/A1                                          +0    1672   
  g1180/ZN            IND2D1         3  3.3   48   +75    1747 F 
  g1179/A1                                          +0    1747   
  g1179/ZN            IND2D1         3  3.3   48   +75    1823 F 
  g1178/A1                                          +0    1823   
  g1178/ZN            IND2D1         3  3.3   48   +75    1898 F 
  g1177/A1                                          +0    1898   
  g1177/ZN            IND2D1         3  3.3   48   +75    1973 F 
  g2/A1                                             +0    1973   
  g2/ZN               IND2D1         3  3.3   48   +75    2048 F 
  g1097/A1                                          +0    2048   
  g1097/ZN            MOAI22D1       1  0.8   45   +39    2087 R 
inc_add_218_33_2/Z[29] 
g13101/A1                                           +0    2087   
g13101/Z              AN2D0         36 35.7  595  +361    2448 R 
N_reg[29]_state_point/in 
N_reg[29]_state_point/out 
g15999/A1                                           +0    2448   
g15999/Z              OR4D1         18 18.1  165  +239    2687 R 
g15998/I                                            +0    2687   
g15998/ZN             CKND1          2  2.4   52   +49    2737 F 
g15996/A1                                           +0    2737   
g15996/ZN             NR2D1          8  6.7  135   +90    2826 R 
g15939/A2                                           +0    2826   
g15939/Z              AO22D0         1  1.1   45   +95    2922 R 
Yp_reg[6]/D           DFQD1                         +0    2922   
Yp_reg[6]/CP          setup                    0   +35    2957 R 
- - - - - - - - - - - - - - - - - - - - - - - - - - - - - - - - -
(clock CLK)           capture                             3150 R 
-----------------------------------------------------------------
Cost Group   : 'CLK' (path_group 'CLK')
Timing slack :     193ps 
Start-point  : retime_s3_14_reg/CP
End-point    : Yp_reg[6]/D
